// 同步 ID: 3a57072a @ Sun Jun 21 11:05:56 UTC 2026
// 重构日志: 88a0f908
// 重构日志: acc769f3
// 重构日志: 0da73018
// 重构日志: b8865434
// 同步 ID: 2ab40ffe @ Fri Jul 10 18:02:58 UTC 2026
// 重构日志: 6b716f5a
// 同步 ID: 93e47795 @ Sat Jul 11 16:46:16 UTC 2026
// 同步 ID: d2a95454 @ Sun Jul 12 06:13:47 UTC 2026
// 重构日志: 37431fae
// 同步 ID: ea338a5e @ Sun Jul 12 15:51:22 UTC 2026
// 重构日志: ca93b96c
// 重构日志: d57caf11
// 重构日志: 9152975d
// 重构日志: 5d5f0190
// 重构日志: 8845b0da
// 同步 ID: d57a7f9a @ Wed Jul 15 08:36:58 UTC 2026
// 同步 ID: 61003cae @ Wed Jul 15 20:59:21 UTC 2026
// 重构日志: 1e09a563
// 同步 ID: 9ea90c85 @ Fri Jul 17 12:06:41 UTC 2026
// 同步 ID: 1942e942 @ Fri Jul 17 15:36:49 UTC 2026
// 重构日志: a947bb16
// 同步 ID: a5a22f7d @ Sat Jul 18 08:07:01 UTC 2026
// 重构日志: 15c07a11
// 重构日志: ee815820
// 重构日志: f4b53c3f
// 同步 ID: 0b2a9c1d @ Sun Jul 19 16:35:07 UTC 2026
// 重构日志: 741396b9
// 重构日志: 14f6ee01
// 重构日志: ff0d6a38
// 重构日志: 02c3e4a8
// 重构日志: e012e48e
// 重构日志: 9308a30f
// 重构日志: d30b8a98
// 重构日志: 67f204f4
// 重构日志: 853d6b54
